C51 COMPILER V9.60.0.0   ______                                                            05/06/2020 19:39:18 PAGE 1   


C51 COMPILER V9.60.0.0, COMPILATION OF MODULE ______
OBJECT MODULE PLACED IN .\Objects\实验二.obj
COMPILER INVOKED BY: D:\Keil_v5\C51\BIN\C51.EXE 实验二.c OPTIMIZE(8,SPEED) BROWSE DEBUG OBJECTEXTEND PRINT(.\Listings\实
                    -验二.lst) TABS(2) OBJECT(.\Objects\实验二.obj)

line level    source

   1          #include <reg51.h>
   2          
   3          unsigned char led_mod[] = {0x3f, 0x06, 0x5b, 0x4f, 0x66, 0x6d, 0x7d, 0x07,
   4                                     0x7f, 0x6f, 0x77, 0x7c, 0x58, 0x5e, 0x79, 0x71};
   5          unsigned char count = 0;
   6          sbit P0_4 = P0 ^ 4;
   7                                     
   8          void INT_0SRV() interrupt 0 { P0_4 = ~P0_4; }
   9          
  10          void INT_1SRV() interrupt 2 {
  11   1        count++;
  12   1        if (count == 16)
  13   1          count = 1;
  14   1        P2 = led_mod[count];
  15   1      }
  16          void main(void) {
  17   1        P2 = 0x00;
  18   1        P0_4 = 0x01;
  19   1        EA = 1;
  20   1        EX0 = 1;
  21   1        EX1 = 1;
  22   1        IT1 = 1;
  23   1        IT0 = 1;
  24   1        while (1) {
  25   2          ;
  26   2        }
  27   1      }


MODULE INFORMATION:   STATIC OVERLAYABLE
   CODE SIZE        =     55    ----
   CONSTANT SIZE    =   ----    ----
   XDATA SIZE       =   ----    ----
   PDATA SIZE       =   ----    ----
   DATA SIZE        =     17    ----
   IDATA SIZE       =   ----    ----
   BIT SIZE         =   ----    ----
END OF MODULE INFORMATION.


C51 COMPILATION COMPLETE.  0 WARNING(S),  0 ERROR(S)
