C51 COMPILER V9.60.0.0   __P2__P3______________                                            04/18/2020 14:13:22 PAGE 1   


C51 COMPILER V9.60.0.0, COMPILATION OF MODULE __P2__P3______________
OBJECT MODULE PLACED IN .\Objects\用p2，p3口显示加减结果.obj
COMPILER INVOKED BY: D:\Keil_v5\C51\BIN\C51.EXE 用p2，p3口显示加减结果.c OPTIMIZE(8,SPEED) BROWSE DEBUG OBJECTEXTEND PRI
                    -NT(.\Listings\用p2，p3口显示加减结果.lst) TABS(2) OBJECT(.\Objects\用p2，p3口显示加减结果.obj)

line level    source

   1          #include <reg51.h>
   2          
   3          void main(void) {
   4   1          unsigned char a;
   5   1          unsigned char b;
   6   1          a = 52;
   7   1          b = 48;
   8   1          
   9   1          P2 = a + b;
  10   1          P3 = a - b;
  11   1        while (1) {
  12   2          ;
  13   2        }
  14   1      }


MODULE INFORMATION:   STATIC OVERLAYABLE
   CODE SIZE        =     15    ----
   CONSTANT SIZE    =   ----    ----
   XDATA SIZE       =   ----    ----
   PDATA SIZE       =   ----    ----
   DATA SIZE        =   ----    ----
   IDATA SIZE       =   ----    ----
   BIT SIZE         =   ----    ----
END OF MODULE INFORMATION.


C51 COMPILATION COMPLETE.  0 WARNING(S),  0 ERROR(S)
