C51 COMPILER V9.60.0.0   ______S____P1__________                                           04/19/2020 10:57:20 PAGE 1   


C51 COMPILER V9.60.0.0, COMPILATION OF MODULE ______S____P1__________
OBJECT MODULE PLACED IN .\Objects\用按键S控制P1八个二极管.obj
COMPILER INVOKED BY: D:\Keil_v5\C51\BIN\C51.EXE 用按键S控制P1八个二极管.c OPTIMIZE(8,SPEED) BROWSE DEBUG OBJECTEXTEND PR
                    -INT(.\Listings\用按键S控制P1八个二极管.lst) TABS(2) OBJECT(.\Objects\用按键S控制P1八个二极管.obj)

line level    source

   1          #include <reg51.h>
   2          
   3          sbit S = P3^0;
   4          
   5          void delay() {
   6   1        unsigned char i, j;
   7   1        for (i = 0; i < 200; ++i) {
   8   2          for (j = 0; j < 250; ++j) {
   9   3            ;
  10   3          }
  11   2        }
  12   1      }
  13          
  14          void main(void) {
  15   1        unsigned char i = 0;
  16   1        while (1) {
  17   2          if (S == 0) {
  18   3            delay();
  19   3          }
  20   2          // 两个if目的去抖动
  21   2          if (S == 0) {
  22   3            ++i;
  23   3          }
  24   2          if (i == 9) {
  25   3            i = 1;
  26   3          }
  27   2          switch(i) {
  28   3            case 1: 
  29   3              P1 = 0xfe;
  30   3              break;
  31   3            case 2: 
  32   3              P1 = 0xfc;
  33   3              break;
  34   3            case 3:
  35   3              P1 = 0xf8;
  36   3              break;
  37   3            case 4:
  38   3              P1 = 0xf0;
  39   3              break;
  40   3            case 5:
  41   3              P1 = 0xe0;
  42   3              break;
  43   3            case 6:
  44   3              P1 = 0xc0;
  45   3              break;
  46   3            case 7:
  47   3              P1 = 0x80;
  48   3              break;
  49   3            case 8:
  50   3              P1 = 0x00;
  51   3              break;
  52   3            default:
  53   3              P1 = 0xff;
  54   3              break;
C51 COMPILER V9.60.0.0   ______S____P1__________                                           04/19/2020 10:57:20 PAGE 2   

  55   3          }
  56   2        }
  57   1      }


MODULE INFORMATION:   STATIC OVERLAYABLE
   CODE SIZE        =    140    ----
   CONSTANT SIZE    =   ----    ----
   XDATA SIZE       =   ----    ----
   PDATA SIZE       =   ----    ----
   DATA SIZE        =   ----    ----
   IDATA SIZE       =   ----    ----
   BIT SIZE         =   ----    ----
END OF MODULE INFORMATION.


C51 COMPILATION COMPLETE.  0 WARNING(S),  0 ERROR(S)
