C51 COMPILER V9.60.0.0   __P1______________________                                        04/19/2020 10:42:50 PAGE 1   


C51 COMPILER V9.60.0.0, COMPILATION OF MODULE __P1______________________
OBJECT MODULE PLACED IN .\Objects\用p1口显示左右移位运算结果.obj
COMPILER INVOKED BY: D:\Keil_v5\C51\BIN\C51.EXE 用p1口显示左右移位运算结果.c OPTIMIZE(8,SPEED) BROWSE DEBUG OBJECTEXTEND
                    - PRINT(.\Listings\用p1口显示左右移位运算结果.lst) TABS(2) OBJECT(.\Objects\用p1口显示左右移位运算结果.obj)

line level    source

   1          #include <reg51.h>
   2          
   3          void delay() {
   4   1        unsigned int i;
   5   1        for (i = 0; i < 50000; ++i) {
   6   2          ;
   7   2        }
   8   1      }
   9          
  10          void main(void) {
  11   1        while (1) {
  12   2          P1 = 0xaa << 1;
  13   2          delay();
  14   2          P1 = P1 << 1;
  15   2          delay();
  16   2          P1 = P1 >> 1;
  17   2          delay();
  18   2          P1 = P1 >> 1;
  19   2          delay();
  20   2        }
  21   1      }


MODULE INFORMATION:   STATIC OVERLAYABLE
   CODE SIZE        =     55    ----
   CONSTANT SIZE    =   ----    ----
   XDATA SIZE       =   ----    ----
   PDATA SIZE       =   ----    ----
   DATA SIZE        =   ----    ----
   IDATA SIZE       =   ----    ----
   BIT SIZE         =   ----    ----
END OF MODULE INFORMATION.


C51 COMPILATION COMPLETE.  0 WARNING(S),  0 ERROR(S)
