C51 COMPILER V9.60.0.0   __P2______8__LED________                                          04/19/2020 11:49:44 PAGE 1   


C51 COMPILER V9.60.0.0, COMPILATION OF MODULE __P2______8__LED________
OBJECT MODULE PLACED IN .\Objects\用P2口控制8只led循环亮灯.obj
COMPILER INVOKED BY: D:\Keil_v5\C51\BIN\C51.EXE 用P2口控制8只led循环亮灯.c OPTIMIZE(8,SPEED) BROWSE DEBUG OBJECTEXTEND P
                    -RINT(.\Listings\用P2口控制8只led循环亮灯.lst) TABS(2) OBJECT(.\Objects\用P2口控制8只led循环亮灯.obj)

line level    source

   1          #include <reg51.h>
   2          
   3          void delay() {
   4   1        unsigned char i, j;
   5   1        for (i = 0; i < 200; ++i) {
   6   2          for (j = 0; j < 250; ++j) {
   7   3            ;
   8   3          }
   9   2        }
  10   1      }
  11          
  12          void main() {
  13   1        unsigned char i;
  14   1        while (1) {
  15   2          P2 = 0xff;
  16   2          delay();
  17   2          for (i = 0; i < 8; ++i) {
  18   3            P2 <<= 1;
  19   3            delay();
  20   3          }
  21   2        }
  22   1      }


MODULE INFORMATION:   STATIC OVERLAYABLE
   CODE SIZE        =     61    ----
   CONSTANT SIZE    =   ----    ----
   XDATA SIZE       =   ----    ----
   PDATA SIZE       =   ----    ----
   DATA SIZE        =   ----    ----
   IDATA SIZE       =   ----    ----
   BIT SIZE         =   ----    ----
END OF MODULE INFORMATION.


C51 COMPILATION COMPLETE.  0 WARNING(S),  0 ERROR(S)
