


ARM Macro Assembler    Page 1 


    1 00000000 0000000C 
                       a       EQU              12          ; ∂®“Â≥£¡øa ,≤¢∏≥÷µ
                                                            12         
    2 00000000 00000003 
                       b       EQU              3           ; ∂®“Â≥£¡øb,≤¢∏≥÷µ3
                                                                            
    3 00000000 00000007 
                       c       EQU              7           ; ∂®“Â≥£¡øc£¨≤¢∏≥÷µ
                                                            7                 
    4 00000000         
    5 00000000                 AREA             SWIStack, DATA, READWRITE
    6 00000000 00000000 
                       temp    DCD              0x0
    7 00000004         
    8 00000004                 AREA             Test1,CODE,READONLY
    9 00000000                 CODE32
   10 00000000                 ENTRY
   11 00000000         
   12 00000000 E3A0000C 
                       START   MOV              r0,#a       ; Ω´r0÷√Œ™a        
                                                                               
                                                            
   13 00000004 E1A00400        MOV              r0,r0,lsl #8 ; r0=r0<<8,œ‡µ±”⁄Ω
                                                            ´a≥À“‘2µƒ8¥Œ√›     
                                                              
   14 00000008 E3A01003        MOV              r1,#b       ; Ω´r1÷√Œ™b        
                                                              
   15 0000000C E08020A1        ADD              r2 , r0 ,r1 ,lsr #1 ; r2=r0+r1>
                                                            >1,Ω´r1µƒ÷µ≥˝“‘2º”…
                                                            œr0∑≈»Îr2 
   16 00000010 E59F3028        LDR              r3 , =temp  ; »° ˝æ›ª∫≥Â«¯µÿ÷∑ 
                                                                   
   17 00000014 E5832000        STR              r2 , [r3]   ; Ω´‘ÀÀ„Ω·π˚∑≈»Îª∫≥
                                                            Â«¯ 
   18 00000018         
   19 00000018         
   20 00000018 E3A00007        MOV              r0 , #c     ; Ω´r0÷√Œ™c    
   21 0000001C E20000FF        AND              r0 ,r0 ,#0xFF ; r0=r0&0xFF  
   22 00000020 E3A01003        MOV              r1 , #b     ; Ω´r1÷√Œ™b     
   23 00000024 E08020A1        ADD              r2 , r0 ,r1 ,lsr  #1 ; r2=r0+r1
                                                            >>1,Ω´r1µƒ÷µ≥˝“‘2º”
                                                            …œr0∑≈»Îr2 
   24 00000028         
   25 00000028         
   26 00000028 E5930000        LDR              r0 , [r3]   ; ¥”ª∫≥Â«¯÷–»°≥ˆµ⁄“
                                                            ª¥Œµƒ‘ÀÀ„Ω·π˚      
                                                                 
   27 0000002C E3A01001        MOV              r1 ,#0x01   ; Ω´r1÷√Œ™1    
   28 00000030 E1800001        ORR              r0 ,r0 ,r1  ; r0=r0 | r1   
   29 00000034 E1A01002        MOV              r1 ,r2      ; Ω´µ⁄∂˛¥Œ‘ÀÀ„Ω·π˚∑
                                                            ≈»Îr1        
   30 00000038 E08020A1        ADD              r2 ,r0 ,r1 ,lsr  #1 ; r2=r0+r1>
                                                            >1,Ω´r1µƒ÷µ≥˝“‘2º”…
                                                            œr0∑≈»Îr2
   31 0000003C         
   32 0000003C EAFFFFEF        B                START
   33 00000040         
   34 00000040                 END
              00000000 



ARM Macro Assembler    Page 2 


Command Line: --debug --xref --cpu=ARM966E-S --bi --apcs=interwork --depend=Exp
eriment1.d -oExperiment1.o -ID:\Keil_v4\ARM\RV31\INC -ID:\Keil_v4\ARM\CMSIS\Inc
lude --list=Experiment1.lst Experiment1.s



ARM Macro Assembler    Page 1 Alphabetic symbol ordering
Relocatable symbols

SWIStack 00000000

Symbol: SWIStack
   Definitions
      At line 5 in file Experiment1.s
   Uses
      None
Comment: SWIStack unused
temp 00000000

Symbol: temp
   Definitions
      At line 6 in file Experiment1.s
   Uses
      At line 16 in file Experiment1.s
Comment: temp used once
2 symbols



ARM Macro Assembler    Page 1 Alphabetic symbol ordering
Relocatable symbols

START 00000000

Symbol: START
   Definitions
      At line 12 in file Experiment1.s
   Uses
      At line 32 in file Experiment1.s
Comment: START used once
Test1 00000000

Symbol: Test1
   Definitions
      At line 8 in file Experiment1.s
   Uses
      None
Comment: Test1 unused
2 symbols



ARM Macro Assembler    Page 1 Alphabetic symbol ordering
Absolute symbols

a 0000000C

Symbol: a
   Definitions
      At line 1 in file Experiment1.s
   Uses
      At line 12 in file Experiment1.s
Comment: a used once
b 00000003

Symbol: b
   Definitions
      At line 2 in file Experiment1.s
   Uses
      At line 14 in file Experiment1.s
      At line 22 in file Experiment1.s

c 00000007

Symbol: c
   Definitions
      At line 3 in file Experiment1.s
   Uses
      At line 20 in file Experiment1.s
Comment: c used once
3 symbols
339 symbols in table
