C51 COMPILER V9.60.0.0   __P1__________________                                            04/19/2020 10:19:07 PAGE 1   


C51 COMPILER V9.60.0.0, COMPILATION OF MODULE __P1__________________
OBJECT MODULE PLACED IN .\Objects\用p1口显示与或运算结果.obj
COMPILER INVOKED BY: D:\Keil_v5\C51\BIN\C51.EXE 用p1口显示与或运算结果.c OPTIMIZE(8,SPEED) BROWSE DEBUG OBJECTEXTEND PRI
                    -NT(.\Listings\用p1口显示与或运算结果.lst) TABS(2) OBJECT(.\Objects\用p1口显示与或运算结果.obj)

line level    source

   1          #include <reg51.h>
   2          
   3          void delay() {
   4   1        unsigned int i;
   5   1        for (i = 0; i < 50000; ++i) {
   6   2          ;
   7   2        }
   8   1      }
   9          
  10          void main(void) {
  11   1        while (1) {
  12   2          P1 = (6 > 0x0f) && (8 < 0xa);
  13   2          delay();
  14   2          P1 = ((6 > 0x0f) || (8 < 0xa)) + (0xfe);
  15   2          delay();
  16   2        }
  17   1      }


MODULE INFORMATION:   STATIC OVERLAYABLE
   CODE SIZE        =     40    ----
   CONSTANT SIZE    =   ----    ----
   XDATA SIZE       =   ----    ----
   PDATA SIZE       =   ----    ----
   DATA SIZE        =   ----    ----
   IDATA SIZE       =   ----    ----
   BIT SIZE         =   ----    ----
END OF MODULE INFORMATION.


C51 COMPILATION COMPLETE.  0 WARNING(S),  0 ERROR(S)
