C51 COMPILER V9.60.0.0   0                                                                 05/25/2020 15:42:17 PAGE 1   


C51 COMPILER V9.60.0.0, COMPILATION OF MODULE 0
OBJECT MODULE PLACED IN .\Objects\0.obj
COMPILER INVOKED BY: D:\Keil_v5\C51\BIN\C51.EXE 0.c OPTIMIZE(8,SPEED) BROWSE DEBUG OBJECTEXTEND PRINT(.\Listings\0.lst) 
                    -TABS(2) OBJECT(.\Objects\0.obj)

line level    source

   1          #include <reg51.h>
   2          
   3          unsigned char led1_mod[] = {0x3f, 0x06, 0x5b, 0x4f, 0x66, 0x6d, 0x7d, 0x07,
   4                                     0x7f, 0x6f, 0x77, 0x7c, 0x58, 0x5e, 0x79, 0x71};
   5          unsigned char led2_mod[] = {0x3f, 0x06, 0x5b, 0x4f, 0x66, 0x6d, 0x7d, 0x07,
   6                                     0x7f, 0x6f, 0x77, 0x7c, 0x58, 0x5e, 0x79, 0x71};
   7          
   8          unsigned char count1 = 0, count2 = 0;
   9          
  10          void INT_0SRV() interrupt 0 { 
  11   1        if (count1 == 10) {
  12   2          count1 = 0;
  13   2          ++count2;
  14   2        }
  15   1        P2 = led1_mod[count1++];
  16   1        if (count2 == 10) {
  17   2          count2 = 0;
  18   2        }
  19   1        P1 = led1_mod[count2];
  20   1      }
  21          
  22          void main() {
  23   1        P1 = 0x00;
  24   1        P2 = 0x00;
  25   1        EA = 1;
  26   1        EX0 = 1;
  27   1        EX1 = 1;
  28   1        IT1 = 1;
  29   1        IT0 = 1;
  30   1        while (1) {
  31   2          ;
  32   2        }
  33   1      }


MODULE INFORMATION:   STATIC OVERLAYABLE
   CODE SIZE        =     74    ----
   CONSTANT SIZE    =   ----    ----
   XDATA SIZE       =   ----    ----
   PDATA SIZE       =   ----    ----
   DATA SIZE        =     34    ----
   IDATA SIZE       =   ----    ----
   BIT SIZE         =   ----    ----
END OF MODULE INFORMATION.


C51 COMPILATION COMPLETE.  0 WARNING(S),  0 ERROR(S)
