A51 MACRO ASSEMBLER  RL                                                                   03/31/2020 14:35:09 PAGE     1


MACRO ASSEMBLER A51 V8.2.7.0
OBJECT MODULE PLACED IN ..\output\RL.obj
ASSEMBLER INVOKED BY: D:\Keil_v5\C51\BIN\A51.EXE RL.asm SET(SMALL) DEBUG PRINT(.\Listings\RL.lst) OBJECT(..\output\RL.ob
                      j) EP

LOC  OBJ            LINE     SOURCE

0000                   1     LOOP:
0000 7439              2         MOV A, #39H
0002 F4                3         CPL A
0003 23                4         RL A
0004 C3                5         CLR C
0005 13                6         RRC A
0006 D3                7         SETB C
0007 33                8         RLC A
0008 C4                9         SWAP A
0009 0100             10         AJMP LOOP
                      11     END
A51 MACRO ASSEMBLER  RL                                                                   03/31/2020 14:35:09 PAGE     2

SYMBOL TABLE LISTING
------ ----- -------


N A M E             T Y P E  V A L U E   ATTRIBUTES

LOOP . . . . . . .  C ADDR   0000H   A   


REGISTER BANK(S) USED: 0 


ASSEMBLY COMPLETE.  0 WARNING(S), 0 ERROR(S)
