C51 COMPILER V9.60.0.0   __P2P3__________________                                          04/19/2020 10:28:22 PAGE 1   


C51 COMPILER V9.60.0.0, COMPILATION OF MODULE __P2P3__________________
OBJECT MODULE PLACED IN .\Objects\用p2p3口显示与或运算结果.obj
COMPILER INVOKED BY: D:\Keil_v5\C51\BIN\C51.EXE 用p2p3口显示与或运算结果.c OPTIMIZE(8,SPEED) BROWSE DEBUG OBJECTEXTEND P
                    -RINT(.\Listings\用p2p3口显示与或运算结果.lst) TABS(2) OBJECT(.\Objects\用p2p3口显示与或运算结果.obj)

line level    source

   1          #include <reg51.h>
   2          
   3          /**
   4          void delay() {
   5            unsigned int i;
   6            for (i = 0; i < 50000; ++i) {
   7              ;
   8            }
   9          }
  10          */
  11          
  12          void main(void) {
  13   1        P2 = 0x52 & 0x48;
  14   1        P3 = 0x52 | 0x48;
  15   1        while (1) {
  16   2          ;
  17   2        }
  18   1      }


MODULE INFORMATION:   STATIC OVERLAYABLE
   CODE SIZE        =      8    ----
   CONSTANT SIZE    =   ----    ----
   XDATA SIZE       =   ----    ----
   PDATA SIZE       =   ----    ----
   DATA SIZE        =   ----    ----
   IDATA SIZE       =   ----    ----
   BIT SIZE         =   ----    ----
END OF MODULE INFORMATION.


C51 COMPILATION COMPLETE.  0 WARNING(S),  0 ERROR(S)
