C51 COMPILER V9.60.0.0   __FOR______________1KHZ______                                     04/19/2020 11:06:41 PAGE 1   


C51 COMPILER V9.60.0.0, COMPILATION OF MODULE __FOR______________1KHZ______
OBJECT MODULE PLACED IN .\Objects\用for实现蜂鸣器发出1khz的音频.obj
COMPILER INVOKED BY: D:\Keil_v5\C51\BIN\C51.EXE 用for实现蜂鸣器发出1khz的音频.c OPTIMIZE(8,SPEED) BROWSE DEBUG OBJECTEXT
                    -END PRINT(.\Listings\用for实现蜂鸣器发出1khz的音频.lst) TABS(2) OBJECT(.\Objects\用for实现蜂鸣器发出1khz的音频.obj)

line level    source

   1          #include <reg51.h>
   2          
   3          sbit sound = P1^0;
   4          
   5          void delay1000Hz() {
   6   1        unsigned char i;
   7   1        for (i = 0; i < 167; ++i) {
   8   2          ;
   9   2        }
  10   1      }
  11          
  12          void main() {
  13   1        while (1) {
  14   2          sound = 0;
  15   2          delay1000Hz();
  16   2          sound = 1;
  17   2          delay1000Hz();
  18   2        }
  19   1      }


MODULE INFORMATION:   STATIC OVERLAYABLE
   CODE SIZE        =     28    ----
   CONSTANT SIZE    =   ----    ----
   XDATA SIZE       =   ----    ----
   PDATA SIZE       =   ----    ----
   DATA SIZE        =   ----    ----
   IDATA SIZE       =   ----    ----
   BIT SIZE         =   ----    ----
END OF MODULE INFORMATION.


C51 COMPILATION COMPLETE.  0 WARNING(S),  0 ERROR(S)
